2016-08-05 09:36:10,679 INFO  [main] com.shishu.utility.file.FileUtil: 生成文件 : F:/jsdatum/fintech/src/main/java/com/tuodao/fintech/dao/datamodule/ValuationRequest.java
2016-08-05 09:36:10,741 INFO  [main] com.shishu.utility.file.FileUtil: 生成文件 : F:/jsdatum/fintech/src/main/java/com/tuodao/fintech/dao/datamodule/ValuationRequest.xml
2016-08-05 09:36:10,744 INFO  [main] com.shishu.utility.file.FileUtil: 生成文件 : F:/jsdatum/fintech/src/main/java/com/tuodao/fintech/dao/ValuationRequestDao.java
2016-08-05 09:36:10,770 INFO  [main] com.shishu.utility.file.FileUtil: 生成文件 : F:/jsdatum/fintech/src/main/java/com/tuodao/fintech/service/ValuationRequestService.java
2016-08-05 09:36:10,786 INFO  [main] com.shishu.utility.file.FileUtil: 生成文件 : F:/jsdatum/fintech/src/main/java/com/tuodao/fintech/action/ValuationRequestAction.java
2016-08-05 09:39:51,677 INFO  [main] com.shishu.utility.file.FileUtil: 生成文件 : F:/jsdatum/fintech/src/main/java/com/tuodao/fintech/dao/datamodule/ValuationRequest.java
2016-08-05 09:39:51,697 INFO  [main] com.shishu.utility.file.FileUtil: 生成文件 : F:/jsdatum/fintech/src/main/java/com/tuodao/fintech/dao/datamodule/ValuationRequest.xml
2016-08-05 09:39:51,700 INFO  [main] com.shishu.utility.file.FileUtil: 生成文件 : F:/jsdatum/fintech/src/main/java/com/tuodao/fintech/dao/ValuationRequestDao.java
2016-08-05 09:39:51,702 INFO  [main] com.shishu.utility.file.FileUtil: 生成文件 : F:/jsdatum/fintech/src/main/java/com/tuodao/fintech/service/ValuationRequestService.java
2016-08-05 09:39:51,707 INFO  [main] com.shishu.utility.file.FileUtil: 生成文件 : F:/jsdatum/fintech/src/main/java/com/tuodao/fintech/action/ValuationRequestAction.java
2016-08-05 10:21:58,136 INFO  [main] com.shishu.utility.file.FileUtil: 生成文件 : F:/jsdatum/fintech/src/main/java/com/tuodao/fintech/dao/datamodule/ValuationRequest.java
2016-08-05 10:21:58,160 INFO  [main] com.shishu.utility.file.FileUtil: 生成文件 : F:/jsdatum/fintech/src/main/java/com/tuodao/fintech/dao/datamodule/ValuationRequest.xml
2016-08-05 10:21:58,162 INFO  [main] com.shishu.utility.file.FileUtil: 生成文件 : F:/jsdatum/fintech/src/main/java/com/tuodao/fintech/dao/ValuationRequestDao.java
2016-08-05 10:21:58,165 INFO  [main] com.shishu.utility.file.FileUtil: 生成文件 : F:/jsdatum/fintech/src/main/java/com/tuodao/fintech/service/ValuationRequestService.java
2016-08-05 10:21:58,171 INFO  [main] com.shishu.utility.file.FileUtil: 生成文件 : F:/jsdatum/fintech/src/main/java/com/tuodao/fintech/action/ValuationRequestAction.java
2016-08-05 10:44:46,987 INFO  [main] com.shishu.utility.file.FileUtil: 生成文件 : F:/jsdatum/fintech/src/main/java/com/tuodao/fintech/dao/datamodule/ValuationRequest.java
2016-08-05 10:44:47,011 INFO  [main] com.shishu.utility.file.FileUtil: 生成文件 : F:/jsdatum/fintech/src/main/java/com/tuodao/fintech/dao/datamodule/ValuationRequest.xml
2016-08-05 10:44:47,013 INFO  [main] com.shishu.utility.file.FileUtil: 生成文件 : F:/jsdatum/fintech/src/main/java/com/tuodao/fintech/dao/ValuationRequestDao.java
2016-08-05 10:44:47,017 INFO  [main] com.shishu.utility.file.FileUtil: 生成文件 : F:/jsdatum/fintech/src/main/java/com/tuodao/fintech/service/ValuationRequestService.java
2016-08-05 10:44:47,021 INFO  [main] com.shishu.utility.file.FileUtil: 生成文件 : F:/jsdatum/fintech/src/main/java/com/tuodao/fintech/action/ValuationRequestAction.java
